Using MPI version 3.1, 8 processes
-----------
Initializing structure...
Working in 2D dimensions.
Computational cell is 19.5 x 8.5 x 0 with resolution 10
     block, center = (0.75,0,0)
          size (0.5,4.5,1e+20)
          axes (1,0,0), (0,1,0), (0,0,1)
          dielectric constant epsilon diagonal = (12,12,12)
     block, center = (-0.75,0,0)
          size (0.5,4.5,1e+20)
          axes (1,0,0), (0,1,0), (0,0,1)
          dielectric constant epsilon diagonal = (12,12,12)
     block, center = (1.75,0,0)
          size (0.5,4.5,1e+20)
          axes (1,0,0), (0,1,0), (0,0,1)
          dielectric constant epsilon diagonal = (12,12,12)
     block, center = (-1.75,0,0)
          size (0.5,4.5,1e+20)
          axes (1,0,0), (0,1,0), (0,0,1)
          dielectric constant epsilon diagonal = (12,12,12)
     block, center = (2.75,0,0)
          size (0.5,4.5,1e+20)
          axes (1,0,0), (0,1,0), (0,0,1)
          dielectric constant epsilon diagonal = (12,12,12)
     block, center = (-2.75,0,0)
          size (0.5,4.5,1e+20)
          axes (1,0,0), (0,1,0), (0,0,1)
          dielectric constant epsilon diagonal = (12,12,12)
     block, center = (3.75,0,0)
          size (0.5,4.5,1e+20)
          axes (1,0,0), (0,1,0), (0,0,1)
          dielectric constant epsilon diagonal = (12,12,12)
     block, center = (-3.75,0,0)
          size (0.5,4.5,1e+20)
          axes (1,0,0), (0,1,0), (0,0,1)
          dielectric constant epsilon diagonal = (12,12,12)
     block, center = (4.75,0,0)
          size (0.5,4.5,1e+20)
          axes (1,0,0), (0,1,0), (0,0,1)
          dielectric constant epsilon diagonal = (12,12,12)
     block, center = (-4.75,0,0)
          size (0.5,4.5,1e+20)
          axes (1,0,0), (0,1,0), (0,0,1)
          dielectric constant epsilon diagonal = (12,12,12)
     ...(+ 6 objects not shown)...
Splitting into 8 chunks evenly
time for choose_chunkdivision = 0.0058257 s
time for set_epsilon = 0.0108919 s
-----------
creating output file "./cav-eps-000000.00.h5"...
Meep progress: 757.6/1100.0 = 68.9% done in 4.0s, 1.8s to go
on time step 15173 (time=758.65), 0.000263627 s/step
harminv0:, frequency, imag. freq., Q, |amp|, amplitude, error
harminv0:, 0.4565287021348118, -4.2590745373567767e-4, 535.9482419602568, 1.413977600521403, -0.7879871417679858-1.174056608168697i, 4.1320293274945964e-9+0.0i
harminv0:, 0.4877123347886422, -4.076152148923454e-4, 598.2508956608146, 0.11128917881923184, 0.10158184166570117+0.04545779103809793i, 1.2361329177304531e-7+0.0i
harminv0:, 0.4979916081624419, -9.80241169022216e-4, 254.01484037810067, 0.0027821401421698213, -0.002179301018760403-0.0017294365672965808i, 9.887061672352606e-6+0.0i
run 0 finished at t = 1100.0 (22000 timesteps)
creating output file "./cav-denergy-001200.00.h5"...
creating output file "./cav-ex-001200.00.h5"...
creating output file "./cav-ey-001200.00.h5"...
creating output file "./cav-ez-001200.00.h5"...
creating output file "./cav-hx-001200.00.h5"...
creating output file "./cav-hy-001200.00.h5"...
creating output file "./cav-hz-001200.00.h5"...
creating output file "./cav-denergy-001300.00.h5"...
creating output file "./cav-ex-001300.00.h5"...
creating output file "./cav-ey-001300.00.h5"...
creating output file "./cav-ez-001300.00.h5"...
creating output file "./cav-hx-001300.00.h5"...
creating output file "./cav-hy-001300.00.h5"...
creating output file "./cav-hz-001300.00.h5"...
creating output file "./cav-denergy-001400.00.h5"...
creating output file "./cav-ex-001400.00.h5"...
creating output file "./cav-ey-001400.00.h5"...
creating output file "./cav-ez-001400.00.h5"...
creating output file "./cav-hx-001400.00.h5"...
creating output file "./cav-hy-001400.00.h5"...
creating output file "./cav-hz-001400.00.h5"...
creating output file "./cav-denergy-001500.00.h5"...
creating output file "./cav-ex-001500.00.h5"...
creating output file "./cav-ey-001500.00.h5"...
creating output file "./cav-ez-001500.00.h5"...
creating output file "./cav-hx-001500.00.h5"...
creating output file "./cav-hy-001500.00.h5"...
creating output file "./cav-hz-001500.00.h5"...
on time step 31736 (time=1586.8), 0.000241511 s/step
creating output file "./cav-denergy-001600.00.h5"...
creating output file "./cav-ex-001600.00.h5"...
creating output file "./cav-ey-001600.00.h5"...
creating output file "./cav-ez-001600.00.h5"...
creating output file "./cav-hx-001600.00.h5"...
creating output file "./cav-hy-001600.00.h5"...
creating output file "./cav-hz-001600.00.h5"...
creating output file "./cav-denergy-001700.00.h5"...
creating output file "./cav-ex-001700.00.h5"...
creating output file "./cav-ey-001700.00.h5"...
creating output file "./cav-ez-001700.00.h5"...
creating output file "./cav-hx-001700.00.h5"...
creating output file "./cav-hy-001700.00.h5"...
creating output file "./cav-hz-001700.00.h5"...
creating output file "./cav-denergy-001800.00.h5"...
creating output file "./cav-ex-001800.00.h5"...
creating output file "./cav-ey-001800.00.h5"...
creating output file "./cav-ez-001800.00.h5"...
creating output file "./cav-hx-001800.00.h5"...
creating output file "./cav-hy-001800.00.h5"...
creating output file "./cav-hz-001800.00.h5"...
creating output file "./cav-denergy-001900.00.h5"...
creating output file "./cav-ex-001900.00.h5"...
creating output file "./cav-ey-001900.00.h5"...
creating output file "./cav-ez-001900.00.h5"...
creating output file "./cav-hx-001900.00.h5"...
creating output file "./cav-hy-001900.00.h5"...
creating output file "./cav-hz-001900.00.h5"...
creating output file "./cav-denergy-002000.00.h5"...
creating output file "./cav-ex-002000.00.h5"...
creating output file "./cav-ey-002000.00.h5"...
creating output file "./cav-ez-002000.00.h5"...
creating output file "./cav-hx-002000.00.h5"...
creating output file "./cav-hy-002000.00.h5"...
creating output file "./cav-hz-002000.00.h5"...
creating output file "./cav-denergy-002100.00.h5"...
creating output file "./cav-ex-002100.00.h5"...
creating output file "./cav-ey-002100.00.h5"...
creating output file "./cav-ez-002100.00.h5"...
creating output file "./cav-hx-002100.00.h5"...
creating output file "./cav-hy-002100.00.h5"...
creating output file "./cav-hz-002100.00.h5"...
run 1 finished at t = 2100.0 (42000 timesteps)

Elapsed run time = 10.6551 s
