Using MPI version 3.1, 8 processes
-----------
Initializing structure...
Working in 2D dimensions.
Computational cell is 19.5 x 8.5 x 0 with resolution 10
     block, center = (0.75,0,0)
          size (0.5,4.5,1e+20)
          axes (1,0,0), (0,1,0), (0,0,1)
          dielectric constant epsilon diagonal = (12,12,12)
     block, center = (-0.75,0,0)
          size (0.5,4.5,1e+20)
          axes (1,0,0), (0,1,0), (0,0,1)
          dielectric constant epsilon diagonal = (12,12,12)
     block, center = (1.75,0,0)
          size (0.5,4.5,1e+20)
          axes (1,0,0), (0,1,0), (0,0,1)
          dielectric constant epsilon diagonal = (12,12,12)
     block, center = (-1.75,0,0)
          size (0.5,4.5,1e+20)
          axes (1,0,0), (0,1,0), (0,0,1)
          dielectric constant epsilon diagonal = (12,12,12)
     block, center = (2.75,0,0)
          size (0.5,4.5,1e+20)
          axes (1,0,0), (0,1,0), (0,0,1)
          dielectric constant epsilon diagonal = (12,12,12)
     block, center = (-2.75,0,0)
          size (0.5,4.5,1e+20)
          axes (1,0,0), (0,1,0), (0,0,1)
          dielectric constant epsilon diagonal = (12,12,12)
     block, center = (3.75,0,0)
          size (0.5,4.5,1e+20)
          axes (1,0,0), (0,1,0), (0,0,1)
          dielectric constant epsilon diagonal = (12,12,12)
     block, center = (-3.75,0,0)
          size (0.5,4.5,1e+20)
          axes (1,0,0), (0,1,0), (0,0,1)
          dielectric constant epsilon diagonal = (12,12,12)
     block, center = (4.75,0,0)
          size (0.5,4.5,1e+20)
          axes (1,0,0), (0,1,0), (0,0,1)
          dielectric constant epsilon diagonal = (12,12,12)
     block, center = (-4.75,0,0)
          size (0.5,4.5,1e+20)
          axes (1,0,0), (0,1,0), (0,0,1)
          dielectric constant epsilon diagonal = (12,12,12)
     ...(+ 6 objects not shown)...
Splitting into 8 chunks evenly
time for choose_chunkdivision = 0.00530301 s
time for set_epsilon = 0.0109945 s
-----------
creating output file "./cav-eps-000000.00.h5"...
Meep progress: 298.05/1100.0 = 27.1% done in 4.0s, 10.8s to go
on time step 5995 (time=299.75), 0.000667252 s/step
Meep progress: 712.2/1100.0 = 64.7% done in 8.0s, 4.4s to go
on time step 14250 (time=712.5), 0.000484562 s/step
harminv0:, frequency, imag. freq., Q, |amp|, amplitude, error
harminv0:, 0.1616703562199146, -1.298963704876766e-4, 622.3051329800337, 3.3141679906295606e-7, 2.7665565210569086e-7-1.824794368116878e-7i, 6.555853054648764e-4+0.0i
harminv0:, 0.1730007260903432, -7.417087299124726e-4, 116.62308876340086, 5.997523328100686e-4, 2.69425564850892e-4-5.358290079082105e-4i, 2.8100801353800586e-5+0.0i
run 0 finished at t = 1100.0 (22000 timesteps)
on time step 23625 (time=1181.25), 0.000426677 s/step
creating output file "./cav-denergy-001200.00.h5"...
creating output file "./cav-ex-001200.00.h5"...
creating output file "./cav-ey-001200.00.h5"...
creating output file "./cav-ez-001200.00.h5"...
creating output file "./cav-hx-001200.00.h5"...
creating output file "./cav-hy-001200.00.h5"...
creating output file "./cav-hz-001200.00.h5"...
creating output file "./cav-denergy-001300.00.h5"...
creating output file "./cav-ex-001300.00.h5"...
creating output file "./cav-ey-001300.00.h5"...
creating output file "./cav-ez-001300.00.h5"...
creating output file "./cav-hx-001300.00.h5"...
creating output file "./cav-hy-001300.00.h5"...
creating output file "./cav-hz-001300.00.h5"...
creating output file "./cav-denergy-001400.00.h5"...
creating output file "./cav-ex-001400.00.h5"...
creating output file "./cav-ey-001400.00.h5"...
creating output file "./cav-ez-001400.00.h5"...
creating output file "./cav-hx-001400.00.h5"...
creating output file "./cav-hy-001400.00.h5"...
creating output file "./cav-hz-001400.00.h5"...
creating output file "./cav-denergy-001500.00.h5"...
creating output file "./cav-ex-001500.00.h5"...
creating output file "./cav-ey-001500.00.h5"...
creating output file "./cav-ez-001500.00.h5"...
creating output file "./cav-hx-001500.00.h5"...
creating output file "./cav-hy-001500.00.h5"...
creating output file "./cav-hz-001500.00.h5"...
creating output file "./cav-denergy-001600.00.h5"...
creating output file "./cav-ex-001600.00.h5"...
creating output file "./cav-ey-001600.00.h5"...
creating output file "./cav-ez-001600.00.h5"...
creating output file "./cav-hx-001600.00.h5"...
creating output file "./cav-hy-001600.00.h5"...
creating output file "./cav-hz-001600.00.h5"...
creating output file "./cav-denergy-001700.00.h5"...
creating output file "./cav-ex-001700.00.h5"...
creating output file "./cav-ey-001700.00.h5"...
creating output file "./cav-ez-001700.00.h5"...
creating output file "./cav-hx-001700.00.h5"...
creating output file "./cav-hy-001700.00.h5"...
creating output file "./cav-hz-001700.00.h5"...
creating output file "./cav-denergy-001800.00.h5"...
creating output file "./cav-ex-001800.00.h5"...
creating output file "./cav-ey-001800.00.h5"...
creating output file "./cav-ez-001800.00.h5"...
creating output file "./cav-hx-001800.00.h5"...
creating output file "./cav-hy-001800.00.h5"...
creating output file "./cav-hz-001800.00.h5"...
Meep progress: 728.6500000000001/2100.0 = 34.7% done in 4.0s, 7.5s to go
creating output file "./cav-denergy-001900.00.h5"...
creating output file "./cav-ex-001900.00.h5"...
creating output file "./cav-ey-001900.00.h5"...
creating output file "./cav-ez-001900.00.h5"...
creating output file "./cav-hx-001900.00.h5"...
creating output file "./cav-hy-001900.00.h5"...
creating output file "./cav-hz-001900.00.h5"...
on time step 38001 (time=1900.05), 0.000278261 s/step
creating output file "./cav-denergy-002000.00.h5"...
creating output file "./cav-ex-002000.00.h5"...
creating output file "./cav-ey-002000.00.h5"...
creating output file "./cav-ez-002000.00.h5"...
creating output file "./cav-hx-002000.00.h5"...
creating output file "./cav-hy-002000.00.h5"...
creating output file "./cav-hz-002000.00.h5"...
creating output file "./cav-denergy-002100.00.h5"...
creating output file "./cav-ex-002100.00.h5"...
creating output file "./cav-ey-002100.00.h5"...
creating output file "./cav-ez-002100.00.h5"...
creating output file "./cav-hx-002100.00.h5"...
creating output file "./cav-hy-002100.00.h5"...
creating output file "./cav-hz-002100.00.h5"...
run 1 finished at t = 2100.0 (42000 timesteps)

Elapsed run time = 17.873 s
